android/app/build/intermediates/manifest_merge_blame_file/release/manifest-merger-blame-release-report.txt
1<?xml version="1.0" encoding="utf-8"?>
2<manifest xmlns:android="http://schemas.android.com/apk/res/android"
3    package="com.frisles"
4    android:versionCode="1"
5    android:versionName="1.0" >
6
7    <uses-sdk
8        android:minSdkVersion="21"
8-->src\main\AndroidManifest.xml
9        android:targetSdkVersion="31" />
9-->src\main\AndroidManifest.xml
10
11    <uses-permission android:name="android.permission.READ_SMS" />
11-->src\main\AndroidManifest.xml:5:5-67
11-->src\main\AndroidManifest.xml:5:22-64
12    <uses-permission android:name="android.permission.WRITE_SMS" />
12-->src\main\AndroidManifest.xml:6:5-68
12-->src\main\AndroidManifest.xml:6:22-65
13    <uses-permission android:name="android.permission.SEND_SMS" />
13-->src\main\AndroidManifest.xml:7:5-67
13-->src\main\AndroidManifest.xml:7:22-64
14    <uses-permission android:name="android.permission.INTERNET" />
14-->src\main\AndroidManifest.xml:8:5-66
14-->src\main\AndroidManifest.xml:8:22-64
15    <uses-permission android:name="android.permission.CAMERA" />
15-->src\main\AndroidManifest.xml:9:5-64
15-->src\main\AndroidManifest.xml:9:22-62
16    <uses-permission android:name="android.permission.WRITE_EXTERNAL_STORAGE" />
16-->src\main\AndroidManifest.xml:10:5-80
16-->src\main\AndroidManifest.xml:10:22-78
17    <uses-permission android:name="android.permission.READ_PHONE_STATE" />
17-->src\main\AndroidManifest.xml:11:4-73
17-->src\main\AndroidManifest.xml:11:21-71
18    <uses-permission android:name="android.permission.READ_PRIVILEGED_PHONE_STATE" />
18-->src\main\AndroidManifest.xml:12:4-84
18-->src\main\AndroidManifest.xml:12:21-82
19    <uses-permission android:name="android.permission.READ_PHONE_NUMBERS" />
19-->src\main\AndroidManifest.xml:13:5-77
19-->src\main\AndroidManifest.xml:13:22-74
20    <uses-permission android:name="android.permission.ACCESS_COARSE_LOCATION" />
20-->src\main\AndroidManifest.xml:14:5-80
20-->src\main\AndroidManifest.xml:14:22-78
21    <uses-permission android:name="android.permission.ACCESS_FINE_LOCATION" />
21-->src\main\AndroidManifest.xml:15:5-79
21-->src\main\AndroidManifest.xml:15:22-76
22    <uses-permission android:name="android.permission.READ_CONTACTS" />
22-->src\main\AndroidManifest.xml:16:5-72
22-->src\main\AndroidManifest.xml:16:22-69
23    <uses-permission android:name="android.permission.WRITE_CONTACTS" />
23-->src\main\AndroidManifest.xml:17:5-73
23-->src\main\AndroidManifest.xml:17:22-70
24    <uses-permission android:name="android.permission.WAKE_LOCK" />
24-->[:react-native-firebase_auth] AndroidManifest.xml:10:5-68
24-->[:react-native-firebase_auth] AndroidManifest.xml:10:22-65
25    <uses-permission android:name="android.permission.ACCESS_NETWORK_STATE" />
25-->[:react-native-firebase_auth] AndroidManifest.xml:11:5-79
25-->[:react-native-firebase_auth] AndroidManifest.xml:11:22-76
26    <uses-permission android:name="com.google.android.gms.permission.AD_ID" />
26-->[com.google.android.gms:play-services-measurement-api:21.1.1] AndroidManifest.xml:25:5-79
26-->[com.google.android.gms:play-services-measurement-api:21.1.1] AndroidManifest.xml:25:22-76
27    <uses-permission android:name="com.google.android.finsky.permission.BIND_GET_INSTALL_REFERRER_SERVICE" /> <!-- Required by older versions of Google Play services to create IID tokens -->
27-->[com.google.android.gms:play-services-measurement:21.1.1] AndroidManifest.xml:26:5-110
27-->[com.google.android.gms:play-services-measurement:21.1.1] AndroidManifest.xml:26:22-107
28    <uses-permission android:name="com.google.android.c2dm.permission.RECEIVE" />
28-->[com.google.android.gms:play-services-iid:16.0.0] AndroidManifest.xml:23:5-82
28-->[com.google.android.gms:play-services-iid:16.0.0] AndroidManifest.xml:23:22-79
29
30    <uses-feature
30-->[com.google.android.gms:play-services-maps:18.0.2] AndroidManifest.xml:26:5-28:35
31        android:glEsVersion="0x00020000"
31-->[com.google.android.gms:play-services-maps:18.0.2] AndroidManifest.xml:27:9-41
32        android:required="true" />
32-->[com.google.android.gms:play-services-maps:18.0.2] AndroidManifest.xml:28:9-32
33
34    <queries>
34-->[com.google.android.gms:play-services-maps:18.0.2] AndroidManifest.xml:30:5-34:15
35
36        <!-- Needs to be explicitly declared on Android R+ -->
37        <package android:name="com.google.android.apps.maps" />
37-->[com.google.android.gms:play-services-maps:18.0.2] AndroidManifest.xml:33:9-64
37-->[com.google.android.gms:play-services-maps:18.0.2] AndroidManifest.xml:33:18-61
38    </queries>
39
40    <uses-permission android:name="android.permission.RECEIVE_BOOT_COMPLETED" />
40-->[androidx.work:work-runtime:2.7.1] AndroidManifest.xml:27:5-81
40-->[androidx.work:work-runtime:2.7.1] AndroidManifest.xml:27:22-78
41    <uses-permission android:name="android.permission.FOREGROUND_SERVICE" />
41-->[androidx.work:work-runtime:2.7.1] AndroidManifest.xml:28:5-77
41-->[androidx.work:work-runtime:2.7.1] AndroidManifest.xml:28:22-74
42
43    <application
43-->src\main\AndroidManifest.xml:21:5-43:19
44        android:name="com.frisles.MainApplication"
44-->src\main\AndroidManifest.xml:22:9-40
45        android:allowBackup="false"
45-->src\main\AndroidManifest.xml:26:9-36
46        android:appComponentFactory="androidx.core.app.CoreComponentFactory"
46-->[androidx.core:core:1.7.0] AndroidManifest.xml:24:18-86
47        android:icon="@mipmap/ic_launcher"
47-->src\main\AndroidManifest.xml:24:9-43
48        android:label="@string/app_name"
48-->src\main\AndroidManifest.xml:23:9-41
49        android:roundIcon="@mipmap/ic_launcher_round"
49-->src\main\AndroidManifest.xml:25:9-54
50        android:theme="@style/AppTheme" >
50-->src\main\AndroidManifest.xml:27:9-40
51        <meta-data
51-->src\main\AndroidManifest.xml:28:9-30:63
52            android:name="com.google.android.geo.API_KEY"
52-->src\main\AndroidManifest.xml:29:6-51
53            android:value="AIzaSyCtyNlpUoses3dSfqptLB_ZWwSwim2mVwM" />
53-->src\main\AndroidManifest.xml:30:6-61
54
55        <activity
55-->src\main\AndroidManifest.xml:31:9-42:20
56            android:name="com.frisles.MainActivity"
56-->src\main\AndroidManifest.xml:32:13-41
57            android:configChanges="keyboard|keyboardHidden|orientation|screenLayout|screenSize|smallestScreenSize|uiMode"
57-->src\main\AndroidManifest.xml:34:13-122
58            android:exported="true"
58-->src\main\AndroidManifest.xml:37:13-36
59            android:label="@string/app_name"
59-->src\main\AndroidManifest.xml:33:13-45
60            android:launchMode="singleTask"
60-->src\main\AndroidManifest.xml:35:13-44
61            android:windowSoftInputMode="adjustResize" >
61-->src\main\AndroidManifest.xml:36:13-55
62            <intent-filter>
62-->src\main\AndroidManifest.xml:38:13-41:29
63                <action android:name="android.intent.action.MAIN" />
63-->src\main\AndroidManifest.xml:39:17-68
63-->src\main\AndroidManifest.xml:39:25-66
64
65                <category android:name="android.intent.category.LAUNCHER" />
65-->src\main\AndroidManifest.xml:40:17-76
65-->src\main\AndroidManifest.xml:40:27-74
66            </intent-filter>
67        </activity>
68
69        <meta-data
69-->[:react-native-firebase_app] AndroidManifest.xml:11:9-13:36
70            android:name="app_data_collection_default_enabled"
70-->[:react-native-firebase_app] AndroidManifest.xml:12:13-63
71            android:value="true" />
71-->[:react-native-firebase_app] AndroidManifest.xml:13:13-33
72
73        <service
73-->[:react-native-firebase_app] AndroidManifest.xml:15:9-23:19
74            android:name="com.google.firebase.components.ComponentDiscoveryService"
74-->[:react-native-firebase_app] AndroidManifest.xml:16:13-84
75            android:directBootAware="true"
75-->[:react-native-firebase_app] AndroidManifest.xml:17:13-43
76            android:exported="false" >
76-->[:react-native-firebase_app] AndroidManifest.xml:18:13-37
77            <meta-data
77-->[:react-native-firebase_app] AndroidManifest.xml:20:13-22:85
78                android:name="com.google.firebase.components:io.invertase.firebase.app.ReactNativeFirebaseAppRegistrar"
78-->[:react-native-firebase_app] AndroidManifest.xml:21:17-120
79                android:value="com.google.firebase.components.ComponentRegistrar" />
79-->[:react-native-firebase_app] AndroidManifest.xml:22:17-82
80            <meta-data
80-->[com.google.firebase:firebase-auth:21.0.8] AndroidManifest.xml:67:13-69:85
81                android:name="com.google.firebase.components:com.google.firebase.auth.FirebaseAuthRegistrar"
81-->[com.google.firebase:firebase-auth:21.0.8] AndroidManifest.xml:68:17-109
82                android:value="com.google.firebase.components.ComponentRegistrar" />
82-->[com.google.firebase:firebase-auth:21.0.8] AndroidManifest.xml:69:17-82
83            <meta-data
83-->[com.google.android.gms:play-services-measurement-api:21.1.1] AndroidManifest.xml:31:13-33:85
84                android:name="com.google.firebase.components:com.google.firebase.analytics.connector.internal.AnalyticsConnectorRegistrar"
84-->[com.google.android.gms:play-services-measurement-api:21.1.1] AndroidManifest.xml:32:17-139
85                android:value="com.google.firebase.components.ComponentRegistrar" />
85-->[com.google.android.gms:play-services-measurement-api:21.1.1] AndroidManifest.xml:33:17-82
86            <meta-data
86-->[com.google.firebase:firebase-installations:17.0.3] AndroidManifest.xml:18:13-20:85
87                android:name="com.google.firebase.components:com.google.firebase.installations.FirebaseInstallationsRegistrar"
87-->[com.google.firebase:firebase-installations:17.0.3] AndroidManifest.xml:19:17-127
88                android:value="com.google.firebase.components.ComponentRegistrar" />
88-->[com.google.firebase:firebase-installations:17.0.3] AndroidManifest.xml:20:17-82
89        </service>
90
91        <provider
91-->[:react-native-firebase_app] AndroidManifest.xml:25:9-29:38
92            android:name="io.invertase.firebase.app.ReactNativeFirebaseAppInitProvider"
92-->[:react-native-firebase_app] AndroidManifest.xml:26:13-88
93            android:authorities="com.frisles.reactnativefirebaseappinitprovider"
93-->[:react-native-firebase_app] AndroidManifest.xml:27:13-86
94            android:exported="false"
94-->[:react-native-firebase_app] AndroidManifest.xml:28:13-37
95            android:initOrder="99" />
95-->[:react-native-firebase_app] AndroidManifest.xml:29:13-35
96
97        <activity
97-->[com.google.firebase:firebase-auth:21.0.8] AndroidManifest.xml:27:9-44:20
98            android:name="com.google.firebase.auth.internal.GenericIdpActivity"
98-->[com.google.firebase:firebase-auth:21.0.8] AndroidManifest.xml:28:13-80
99            android:excludeFromRecents="true"
99-->[com.google.firebase:firebase-auth:21.0.8] AndroidManifest.xml:29:13-46
100            android:exported="true"
100-->[com.google.firebase:firebase-auth:21.0.8] AndroidManifest.xml:30:13-36
101            android:launchMode="singleTask"
101-->[com.google.firebase:firebase-auth:21.0.8] AndroidManifest.xml:31:13-44
102            android:theme="@android:style/Theme.Translucent.NoTitleBar" >
102-->[com.google.firebase:firebase-auth:21.0.8] AndroidManifest.xml:32:13-72
103            <intent-filter>
103-->[com.google.firebase:firebase-auth:21.0.8] AndroidManifest.xml:33:13-43:29
104                <action android:name="android.intent.action.VIEW" />
104-->[com.google.firebase:firebase-auth:21.0.8] AndroidManifest.xml:34:17-69
104-->[com.google.firebase:firebase-auth:21.0.8] AndroidManifest.xml:34:25-66
105
106                <category android:name="android.intent.category.DEFAULT" />
106-->[com.google.firebase:firebase-auth:21.0.8] AndroidManifest.xml:36:17-76
106-->[com.google.firebase:firebase-auth:21.0.8] AndroidManifest.xml:36:27-73
107                <category android:name="android.intent.category.BROWSABLE" />
107-->[com.google.firebase:firebase-auth:21.0.8] AndroidManifest.xml:37:17-78
107-->[com.google.firebase:firebase-auth:21.0.8] AndroidManifest.xml:37:27-75
108
109                <data
109-->[com.google.firebase:firebase-auth:21.0.8] AndroidManifest.xml:39:17-42:51
110                    android:host="firebase.auth"
110-->[com.google.firebase:firebase-auth:21.0.8] AndroidManifest.xml:40:21-49
111                    android:path="/"
111-->[com.google.firebase:firebase-auth:21.0.8] AndroidManifest.xml:41:21-37
112                    android:scheme="genericidp" />
112-->[com.google.firebase:firebase-auth:21.0.8] AndroidManifest.xml:42:21-48
113            </intent-filter>
114        </activity>
115        <activity
115-->[com.google.firebase:firebase-auth:21.0.8] AndroidManifest.xml:45:9-62:20
116            android:name="com.google.firebase.auth.internal.RecaptchaActivity"
116-->[com.google.firebase:firebase-auth:21.0.8] AndroidManifest.xml:46:13-79
117            android:excludeFromRecents="true"
117-->[com.google.firebase:firebase-auth:21.0.8] AndroidManifest.xml:47:13-46
118            android:exported="true"
118-->[com.google.firebase:firebase-auth:21.0.8] AndroidManifest.xml:48:13-36
119            android:launchMode="singleTask"
119-->[com.google.firebase:firebase-auth:21.0.8] AndroidManifest.xml:49:13-44
120            android:theme="@android:style/Theme.Translucent.NoTitleBar" >
120-->[com.google.firebase:firebase-auth:21.0.8] AndroidManifest.xml:50:13-72
121            <intent-filter>
121-->[com.google.firebase:firebase-auth:21.0.8] AndroidManifest.xml:51:13-61:29
122                <action android:name="android.intent.action.VIEW" />
122-->[com.google.firebase:firebase-auth:21.0.8] AndroidManifest.xml:34:17-69
122-->[com.google.firebase:firebase-auth:21.0.8] AndroidManifest.xml:34:25-66
123
124                <category android:name="android.intent.category.DEFAULT" />
124-->[com.google.firebase:firebase-auth:21.0.8] AndroidManifest.xml:36:17-76
124-->[com.google.firebase:firebase-auth:21.0.8] AndroidManifest.xml:36:27-73
125                <category android:name="android.intent.category.BROWSABLE" />
125-->[com.google.firebase:firebase-auth:21.0.8] AndroidManifest.xml:37:17-78
125-->[com.google.firebase:firebase-auth:21.0.8] AndroidManifest.xml:37:27-75
126
127                <data
127-->[com.google.firebase:firebase-auth:21.0.8] AndroidManifest.xml:39:17-42:51
128                    android:host="firebase.auth"
128-->[com.google.firebase:firebase-auth:21.0.8] AndroidManifest.xml:40:21-49
129                    android:path="/"
129-->[com.google.firebase:firebase-auth:21.0.8] AndroidManifest.xml:41:21-37
130                    android:scheme="recaptcha" />
130-->[com.google.firebase:firebase-auth:21.0.8] AndroidManifest.xml:42:21-48
131            </intent-filter>
132        </activity>
133        <activity
133-->[:react-native-device-number] AndroidManifest.xml:10:9-14:20
134            android:name="com.reactlibrary.devicenumber.DeviceNumberActivity"
134-->[:react-native-device-number] AndroidManifest.xml:11:13-78
135            android:noHistory="true"
135-->[:react-native-device-number] AndroidManifest.xml:12:13-37
136            android:theme="@android:style/Theme.Dialog" >
136-->[:react-native-device-number] AndroidManifest.xml:13:13-56
137        </activity>
138
139        <provider
139-->[:react-native-image-picker] AndroidManifest.xml:10:9-18:20
140            android:name="com.imagepicker.ImagePickerProvider"
140-->[:react-native-image-picker] AndroidManifest.xml:11:13-63
141            android:authorities="com.frisles.imagepickerprovider"
141-->[:react-native-image-picker] AndroidManifest.xml:12:13-71
142            android:exported="false"
142-->[:react-native-image-picker] AndroidManifest.xml:13:13-37
143            android:grantUriPermissions="true" >
143-->[:react-native-image-picker] AndroidManifest.xml:14:13-47
144            <meta-data
144-->[:react-native-image-picker] AndroidManifest.xml:15:13-17:70
145                android:name="android.support.FILE_PROVIDER_PATHS"
145-->[:react-native-image-picker] AndroidManifest.xml:16:17-67
146                android:resource="@xml/imagepicker_provider_paths" />
146-->[:react-native-image-picker] AndroidManifest.xml:17:17-67
147        </provider>
148        <provider
148-->[:react-native-webview] AndroidManifest.xml:10:9-18:20
149            android:name="com.reactnativecommunity.webview.RNCWebViewFileProvider"
149-->[:react-native-webview] AndroidManifest.xml:11:13-83
150            android:authorities="com.frisles.fileprovider"
150-->[:react-native-webview] AndroidManifest.xml:12:13-64
151            android:exported="false"
151-->[:react-native-webview] AndroidManifest.xml:13:13-37
152            android:grantUriPermissions="true" >
152-->[:react-native-webview] AndroidManifest.xml:14:13-47
153            <meta-data
153-->[:react-native-image-picker] AndroidManifest.xml:15:13-17:70
154                android:name="android.support.FILE_PROVIDER_PATHS"
154-->[:react-native-image-picker] AndroidManifest.xml:16:17-67
155                android:resource="@xml/file_provider_paths" />
155-->[:react-native-image-picker] AndroidManifest.xml:17:17-67
156        </provider>
157        <provider
157-->[com.google.firebase:firebase-common:20.1.2] AndroidManifest.xml:26:9-31:39
158            android:name="com.google.firebase.provider.FirebaseInitProvider"
158-->[com.google.firebase:firebase-common:20.1.2] AndroidManifest.xml:27:13-77
159            android:authorities="com.frisles.firebaseinitprovider"
159-->[com.google.firebase:firebase-common:20.1.2] AndroidManifest.xml:28:13-72
160            android:directBootAware="true"
160-->[com.google.firebase:firebase-common:20.1.2] AndroidManifest.xml:29:13-43
161            android:exported="false"
161-->[com.google.firebase:firebase-common:20.1.2] AndroidManifest.xml:30:13-37
162            android:initOrder="100" />
162-->[com.google.firebase:firebase-common:20.1.2] AndroidManifest.xml:31:13-36
163
164        <receiver
164-->[com.google.android.gms:play-services-measurement:21.1.1] AndroidManifest.xml:29:9-33:20
165            android:name="com.google.android.gms.measurement.AppMeasurementReceiver"
165-->[com.google.android.gms:play-services-measurement:21.1.1] AndroidManifest.xml:30:13-85
166            android:enabled="true"
166-->[com.google.android.gms:play-services-measurement:21.1.1] AndroidManifest.xml:31:13-35
167            android:exported="false" >
167-->[com.google.android.gms:play-services-measurement:21.1.1] AndroidManifest.xml:32:13-37
168        </receiver>
169
170        <service
170-->[com.google.android.gms:play-services-measurement:21.1.1] AndroidManifest.xml:35:9-38:40
171            android:name="com.google.android.gms.measurement.AppMeasurementService"
171-->[com.google.android.gms:play-services-measurement:21.1.1] AndroidManifest.xml:36:13-84
172            android:enabled="true"
172-->[com.google.android.gms:play-services-measurement:21.1.1] AndroidManifest.xml:37:13-35
173            android:exported="false" />
173-->[com.google.android.gms:play-services-measurement:21.1.1] AndroidManifest.xml:38:13-37
174        <service
174-->[com.google.android.gms:play-services-measurement:21.1.1] AndroidManifest.xml:39:9-43:72
175            android:name="com.google.android.gms.measurement.AppMeasurementJobService"
175-->[com.google.android.gms:play-services-measurement:21.1.1] AndroidManifest.xml:40:13-87
176            android:enabled="true"
176-->[com.google.android.gms:play-services-measurement:21.1.1] AndroidManifest.xml:41:13-35
177            android:exported="false"
177-->[com.google.android.gms:play-services-measurement:21.1.1] AndroidManifest.xml:42:13-37
178            android:permission="android.permission.BIND_JOB_SERVICE" />
178-->[com.google.android.gms:play-services-measurement:21.1.1] AndroidManifest.xml:43:13-69
179
180        <activity
180-->[com.google.android.gms:play-services-auth:20.3.0] AndroidManifest.xml:23:9-27:75
181            android:name="com.google.android.gms.auth.api.signin.internal.SignInHubActivity"
181-->[com.google.android.gms:play-services-auth:20.3.0] AndroidManifest.xml:24:13-93
182            android:excludeFromRecents="true"
182-->[com.google.android.gms:play-services-auth:20.3.0] AndroidManifest.xml:25:13-46
183            android:exported="false"
183-->[com.google.android.gms:play-services-auth:20.3.0] AndroidManifest.xml:26:13-37
184            android:theme="@android:style/Theme.Translucent.NoTitleBar" />
184-->[com.google.android.gms:play-services-auth:20.3.0] AndroidManifest.xml:27:13-72
185        <!--
186            Service handling Google Sign-In user revocation. For apps that do not integrate with
187            Google Sign-In, this service will never be started.
188        -->
189        <service
189-->[com.google.android.gms:play-services-auth:20.3.0] AndroidManifest.xml:33:9-37:51
190            android:name="com.google.android.gms.auth.api.signin.RevocationBoundService"
190-->[com.google.android.gms:play-services-auth:20.3.0] AndroidManifest.xml:34:13-89
191            android:exported="true"
191-->[com.google.android.gms:play-services-auth:20.3.0] AndroidManifest.xml:35:13-36
192            android:permission="com.google.android.gms.auth.api.signin.permission.REVOCATION_NOTIFICATION"
192-->[com.google.android.gms:play-services-auth:20.3.0] AndroidManifest.xml:36:13-107
193            android:visibleToInstantApps="true" /> <!-- Needs to be explicitly declared on P+ -->
193-->[com.google.android.gms:play-services-auth:20.3.0] AndroidManifest.xml:37:13-48
194        <uses-library
194-->[com.google.android.gms:play-services-maps:18.0.2] AndroidManifest.xml:39:9-41:40
195            android:name="org.apache.http.legacy"
195-->[com.google.android.gms:play-services-maps:18.0.2] AndroidManifest.xml:40:13-50
196            android:required="false" />
196-->[com.google.android.gms:play-services-maps:18.0.2] AndroidManifest.xml:41:13-37
197
198        <activity
198-->[com.google.android.gms:play-services-base:18.1.0] AndroidManifest.xml:20:9-22:45
199            android:name="com.google.android.gms.common.api.GoogleApiActivity"
199-->[com.google.android.gms:play-services-base:18.1.0] AndroidManifest.xml:20:19-85
200            android:exported="false"
200-->[com.google.android.gms:play-services-base:18.1.0] AndroidManifest.xml:22:19-43
201            android:theme="@android:style/Theme.Translucent.NoTitleBar" />
201-->[com.google.android.gms:play-services-base:18.1.0] AndroidManifest.xml:21:19-78
202
203        <provider
203-->[androidx.work:work-runtime:2.7.1] AndroidManifest.xml:31:9-39:20
204            android:name="androidx.startup.InitializationProvider"
204-->[androidx.work:work-runtime:2.7.1] AndroidManifest.xml:32:13-67
205            android:authorities="com.frisles.androidx-startup"
205-->[androidx.work:work-runtime:2.7.1] AndroidManifest.xml:33:13-68
206            android:exported="false" >
206-->[androidx.work:work-runtime:2.7.1] AndroidManifest.xml:34:13-37
207            <meta-data
207-->[androidx.work:work-runtime:2.7.1] AndroidManifest.xml:36:13-38:52
208                android:name="androidx.work.WorkManagerInitializer"
208-->[androidx.work:work-runtime:2.7.1] AndroidManifest.xml:37:17-68
209                android:value="androidx.startup" />
209-->[androidx.work:work-runtime:2.7.1] AndroidManifest.xml:38:17-49
210            <meta-data
210-->[androidx.emoji2:emoji2:1.0.0] AndroidManifest.xml:31:13-33:52
211                android:name="androidx.emoji2.text.EmojiCompatInitializer"
211-->[androidx.emoji2:emoji2:1.0.0] AndroidManifest.xml:32:17-75
212                android:value="androidx.startup" />
212-->[androidx.emoji2:emoji2:1.0.0] AndroidManifest.xml:33:17-49
213            <meta-data
213-->[androidx.lifecycle:lifecycle-process:2.4.0] AndroidManifest.xml:31:13-33:52
214                android:name="androidx.lifecycle.ProcessLifecycleInitializer"
214-->[androidx.lifecycle:lifecycle-process:2.4.0] AndroidManifest.xml:32:17-78
215                android:value="androidx.startup" />
215-->[androidx.lifecycle:lifecycle-process:2.4.0] AndroidManifest.xml:33:17-49
216        </provider>
217
218        <service
218-->[androidx.work:work-runtime:2.7.1] AndroidManifest.xml:41:9-46:35
219            android:name="androidx.work.impl.background.systemalarm.SystemAlarmService"
219-->[androidx.work:work-runtime:2.7.1] AndroidManifest.xml:42:13-88
220            android:directBootAware="false"
220-->[androidx.work:work-runtime:2.7.1] AndroidManifest.xml:43:13-44
221            android:enabled="@bool/enable_system_alarm_service_default"
221-->[androidx.work:work-runtime:2.7.1] AndroidManifest.xml:44:13-72
222            android:exported="false" />
222-->[androidx.work:work-runtime:2.7.1] AndroidManifest.xml:45:13-37
223        <service
223-->[androidx.work:work-runtime:2.7.1] AndroidManifest.xml:47:9-53:35
224            android:name="androidx.work.impl.background.systemjob.SystemJobService"
224-->[androidx.work:work-runtime:2.7.1] AndroidManifest.xml:48:13-84
225            android:directBootAware="false"
225-->[androidx.work:work-runtime:2.7.1] AndroidManifest.xml:49:13-44
226            android:enabled="@bool/enable_system_job_service_default"
226-->[androidx.work:work-runtime:2.7.1] AndroidManifest.xml:50:13-70
227            android:exported="true"
227-->[androidx.work:work-runtime:2.7.1] AndroidManifest.xml:51:13-36
228            android:permission="android.permission.BIND_JOB_SERVICE" />
228-->[androidx.work:work-runtime:2.7.1] AndroidManifest.xml:52:13-69
229        <service
229-->[androidx.work:work-runtime:2.7.1] AndroidManifest.xml:54:9-59:35
230            android:name="androidx.work.impl.foreground.SystemForegroundService"
230-->[androidx.work:work-runtime:2.7.1] AndroidManifest.xml:55:13-81
231            android:directBootAware="false"
231-->[androidx.work:work-runtime:2.7.1] AndroidManifest.xml:56:13-44
232            android:enabled="@bool/enable_system_foreground_service_default"
232-->[androidx.work:work-runtime:2.7.1] AndroidManifest.xml:57:13-77
233            android:exported="false" />
233-->[androidx.work:work-runtime:2.7.1] AndroidManifest.xml:58:13-37
234
235        <receiver
235-->[androidx.work:work-runtime:2.7.1] AndroidManifest.xml:61:9-66:35
236            android:name="androidx.work.impl.utils.ForceStopRunnable$BroadcastReceiver"
236-->[androidx.work:work-runtime:2.7.1] AndroidManifest.xml:62:13-88
237            android:directBootAware="false"
237-->[androidx.work:work-runtime:2.7.1] AndroidManifest.xml:63:13-44
238            android:enabled="true"
238-->[androidx.work:work-runtime:2.7.1] AndroidManifest.xml:64:13-35
239            android:exported="false" />
239-->[androidx.work:work-runtime:2.7.1] AndroidManifest.xml:65:13-37
240        <receiver
240-->[androidx.work:work-runtime:2.7.1] AndroidManifest.xml:67:9-77:20
241            android:name="androidx.work.impl.background.systemalarm.ConstraintProxy$BatteryChargingProxy"
241-->[androidx.work:work-runtime:2.7.1] AndroidManifest.xml:68:13-106
242            android:directBootAware="false"
242-->[androidx.work:work-runtime:2.7.1] AndroidManifest.xml:69:13-44
243            android:enabled="false"
243-->[androidx.work:work-runtime:2.7.1] AndroidManifest.xml:70:13-36
244            android:exported="false" >
244-->[androidx.work:work-runtime:2.7.1] AndroidManifest.xml:71:13-37
245            <intent-filter>
245-->[androidx.work:work-runtime:2.7.1] AndroidManifest.xml:73:13-76:29
246                <action android:name="android.intent.action.ACTION_POWER_CONNECTED" />
246-->[androidx.work:work-runtime:2.7.1] AndroidManifest.xml:74:17-87
246-->[androidx.work:work-runtime:2.7.1] AndroidManifest.xml:74:25-84
247                <action android:name="android.intent.action.ACTION_POWER_DISCONNECTED" />
247-->[androidx.work:work-runtime:2.7.1] AndroidManifest.xml:75:17-90
247-->[androidx.work:work-runtime:2.7.1] AndroidManifest.xml:75:25-87
248            </intent-filter>
249        </receiver>
250        <receiver
250-->[androidx.work:work-runtime:2.7.1] AndroidManifest.xml:78:9-88:20
251            android:name="androidx.work.impl.background.systemalarm.ConstraintProxy$BatteryNotLowProxy"
251-->[androidx.work:work-runtime:2.7.1] AndroidManifest.xml:79:13-104
252            android:directBootAware="false"
252-->[androidx.work:work-runtime:2.7.1] AndroidManifest.xml:80:13-44
253            android:enabled="false"
253-->[androidx.work:work-runtime:2.7.1] AndroidManifest.xml:81:13-36
254            android:exported="false" >
254-->[androidx.work:work-runtime:2.7.1] AndroidManifest.xml:82:13-37
255            <intent-filter>
255-->[androidx.work:work-runtime:2.7.1] AndroidManifest.xml:84:13-87:29
256                <action android:name="android.intent.action.BATTERY_OKAY" />
256-->[androidx.work:work-runtime:2.7.1] AndroidManifest.xml:85:17-77
256-->[androidx.work:work-runtime:2.7.1] AndroidManifest.xml:85:25-74
257                <action android:name="android.intent.action.BATTERY_LOW" />
257-->[androidx.work:work-runtime:2.7.1] AndroidManifest.xml:86:17-76
257-->[androidx.work:work-runtime:2.7.1] AndroidManifest.xml:86:25-73
258            </intent-filter>
259        </receiver>
260        <receiver
260-->[androidx.work:work-runtime:2.7.1] AndroidManifest.xml:89:9-99:20
261            android:name="androidx.work.impl.background.systemalarm.ConstraintProxy$StorageNotLowProxy"
261-->[androidx.work:work-runtime:2.7.1] AndroidManifest.xml:90:13-104
262            android:directBootAware="false"
262-->[androidx.work:work-runtime:2.7.1] AndroidManifest.xml:91:13-44
263            android:enabled="false"
263-->[androidx.work:work-runtime:2.7.1] AndroidManifest.xml:92:13-36
264            android:exported="false" >
264-->[androidx.work:work-runtime:2.7.1] AndroidManifest.xml:93:13-37
265            <intent-filter>
265-->[androidx.work:work-runtime:2.7.1] AndroidManifest.xml:95:13-98:29
266                <action android:name="android.intent.action.DEVICE_STORAGE_LOW" />